2020-01-23 16:48:51 -  - exec CUpdateClientPartner::__CollectRequestData
2020-01-23 16:48:51 -  - exec CUpdateClientPartner::GetHTTPPage
2020-01-23 16:48:52 -  - exec CUpdateClientPartner::ParseServerData
2020-01-23 16:48:52 -  - exec CUpdateClientPartner::GetUpdatesList
2020-01-23 16:48:52 -  - exec CUpdateClientPartner::__CollectRequestData
2020-01-23 16:48:52 -  - utf=Y&lang=ru&stable=Y&CANGZIP=Y&SUPD_DBS=MYSQL&XE=N&CLIENT_SITE=p1.titovv.newgrade.vpool&LICENSE_KEY=X&SUPD_STS=1&SUPD_URS=0&SUPD_URSA=1&TYPENC=D&CLIENT_PHPVER=7.1.22-1%2Bubuntu16.04.1%2Bdeb.sury.org%2B1&NGINX=Y&dbv=5.7.23&instm=main%2C18.0.4%2CY%3Bconversion%2C17.5.0%2CN%3Blearning%2C17.5.0%2CN%3Bbitrix.sitecommunity%2C15.5.0%2CN%3Babtest%2C17.5.0%2CN%3Bblog%2C17.6.1%2CN%3Bsubscribe%2C17.5.0%2CN%3Bbitrix.sitepersonal%2C15.5.0%2CN%3Bb24connector%2C18.0.0%2CN%3Bwebservice%2C17.0.0%2CN%3Bmail%2C17.5.7%2CN%3Bstoreassist%2C16.0.1%2CN%3Bsocialnetwork%2C17.7.1%2CN%3Biblock%2C17.6.8%2CN%3Blanding%2C18.4.21%2CN%3Bldap%2C17.0.1%2CN%3Bsocialservices%2C18.0.0%2CN%3Bphotogallery%2C17.0.2%2CN%3Bfileman%2C18.0.2%2CN%3Bsupport%2C16.0.0%2CN%3Bhighloadblock%2C17.5.1%2CN%3Bform%2C18.0.0%2CN%3Btranslate%2C16.0.0%2CN%3Bmessageservice%2C18.0.0%2CN%3Bcatalog%2C17.6.5%2CN%3Bbitrix.sitecorporate%2C15.5.0%2CN%3Bbitrix.eshop%2C17.5.0%2CN%3Bsearch%2C17.6.0%2CN%3Bvote%2C17.5.1%2CN%3Bpull%2C17.5.5%2CN%3Bbitrixcloud%2C17.5.0%2CN%3Bidea%2C17.5.0%2CN%3Bbizprocdesigner%2C18.0.0%2CN%3Bperfmon%2C17.0.1%2CN%3Badvertising%2C18.0.0%2CN%3Bcurrency%2C18.0.0%2CN%3Bui%2C17.6.4%2CN%3Bbizproc%2C18.0.1%2CN%3Bstatistic%2C17.0.1%2CN%3Bim%2C18.0.4%2CN%3Bforum%2C17.5.5%2CN%3Bworkflow%2C17.0.1%2CN%3Bwiki%2C17.5.1%2CN%3Bsale%2C17.8.22%2CN%3Brest%2C18.0.4%2CN%3Blists%2C17.0.18%2CN%3Bclouds%2C18.0.0%2CN%3Bscale%2C17.5.0%2CN%3Bbitrix.siteinfoportal%2C15.5.0%2CN%3Bsender%2C18.0.5%2CN%3Beshopapp%2C16.5.0%2CN%3Bmobileapp%2C18.0.0%2CN%3Bseo%2C18.1.0%2CN%3Bcompression%2C16.0.0%2CN%3Breport%2C18.0.5%2CN%3Bcalendar%2C17.5.14%2CN%3Bsecurity%2C17.0.2%2CN&reqm=bitrix.sitecommunity%2Cbitrix.sitepersonal%2Cbitrix.sitecorporate%2Cbitrix.eshop%2Cbitrix.siteinfoportal&fullmoduleinfo=Y&SUPD_SRS=RU&SUPD_CMP=N
2020-01-23 16:48:52 -  - exec CUpdateClientPartner::GetHTTPPage
2020-01-23 16:48:52 -  - TIME GetUpdatesList(request) 0.23 sec
2020-01-23 16:48:52 -  - exec CUpdateClientPartner::ParseServerData
2020-01-23 16:48:52 -  - exec CUpdateClientPartner::__CollectRequestData
2020-01-23 16:48:52 -  - exec CUpdateClientPartner::GetHTTPPage
2020-01-23 16:48:52 -  - exec CUpdateClientPartner::ParseServerData
2020-01-29 16:39:04 -  - exec CUpdateClientPartner::__CollectRequestData
2020-01-29 16:39:04 -  - exec CUpdateClientPartner::GetHTTPPage
2020-01-29 16:39:04 -  - exec CUpdateClientPartner::ParseServerData
2020-01-29 16:39:04 -  - exec CUpdateClientPartner::GetUpdatesList
2020-01-29 16:39:04 -  - exec CUpdateClientPartner::__CollectRequestData
2020-01-29 16:39:04 -  - utf=Y&lang=ru&stable=Y&CANGZIP=Y&SUPD_DBS=MYSQL&XE=N&CLIENT_SITE=titovv.newgrade.vpool&LICENSE_KEY=X&SUPD_STS=1&SUPD_URS=0&SUPD_URSA=1&TYPENC=D&CLIENT_PHPVER=7.1.22-1%2Bubuntu16.04.1%2Bdeb.sury.org%2B1&NGINX=Y&dbv=5.7.23&instm=main%2C18.0.4%2CY%3Bconversion%2C17.5.0%2CN%3Blearning%2C17.5.0%2CN%3Bbitrix.sitecommunity%2C15.5.0%2CN%3Babtest%2C17.5.0%2CN%3Bblog%2C17.6.1%2CN%3Bsubscribe%2C17.5.0%2CN%3Bbitrix.sitepersonal%2C15.5.0%2CN%3Bb24connector%2C18.0.0%2CN%3Bwebservice%2C17.0.0%2CN%3Bmail%2C17.5.7%2CN%3Bstoreassist%2C16.0.1%2CN%3Bsocialnetwork%2C17.7.1%2CN%3Biblock%2C17.6.8%2CN%3Blanding%2C18.4.21%2CN%3Bldap%2C17.0.1%2CN%3Bsocialservices%2C18.0.0%2CN%3Bphotogallery%2C17.0.2%2CN%3Bfileman%2C18.0.2%2CN%3Bsupport%2C16.0.0%2CN%3Bhighloadblock%2C17.5.1%2CN%3Bform%2C18.0.0%2CN%3Btranslate%2C16.0.0%2CN%3Bmessageservice%2C18.0.0%2CN%3Bcatalog%2C17.6.5%2CN%3Bbitrix.sitecorporate%2C15.5.0%2CN%3Bbitrix.eshop%2C17.5.0%2CN%3Bsearch%2C17.6.0%2CN%3Bvote%2C17.5.1%2CN%3Bpull%2C17.5.5%2CN%3Bbitrixcloud%2C17.5.0%2CN%3Bidea%2C17.5.0%2CN%3Bbizprocdesigner%2C18.0.0%2CN%3Bperfmon%2C17.0.1%2CN%3Badvertising%2C18.0.0%2CN%3Bcurrency%2C18.0.0%2CN%3Bui%2C17.6.4%2CN%3Bbizproc%2C18.0.1%2CN%3Bstatistic%2C17.0.1%2CN%3Bim%2C18.0.4%2CN%3Bforum%2C17.5.5%2CN%3Bworkflow%2C17.0.1%2CN%3Bwiki%2C17.5.1%2CN%3Bsale%2C17.8.22%2CN%3Brest%2C18.0.4%2CN%3Blists%2C17.0.18%2CN%3Bclouds%2C18.0.0%2CN%3Bscale%2C17.5.0%2CN%3Bbitrix.siteinfoportal%2C15.5.0%2CN%3Bsender%2C18.0.5%2CN%3Beshopapp%2C16.5.0%2CN%3Bmobileapp%2C18.0.0%2CN%3Bseo%2C18.1.0%2CN%3Bcompression%2C16.0.0%2CN%3Breport%2C18.0.5%2CN%3Bcalendar%2C17.5.14%2CN%3Bsecurity%2C17.0.2%2CN&reqm=bitrix.sitecommunity%2Cbitrix.sitepersonal%2Cbitrix.sitecorporate%2Cbitrix.eshop%2Cbitrix.siteinfoportal&fullmoduleinfo=Y&SUPD_SRS=RU&SUPD_CMP=N
2020-01-29 16:39:04 -  - exec CUpdateClientPartner::GetHTTPPage
2020-01-29 16:39:04 -  - TIME GetUpdatesList(request) 0.228 sec
2020-01-29 16:39:04 -  - exec CUpdateClientPartner::ParseServerData
2020-01-29 16:39:04 -  - exec CUpdateClientPartner::__CollectRequestData
2020-01-29 16:39:04 -  - exec CUpdateClientPartner::GetHTTPPage
2020-01-29 16:39:04 -  - exec CUpdateClientPartner::ParseServerData
