2020-01-23 16:49:05 -  - exec CUpdateClient::GetUpdatesList
2020-01-23 16:49:05 -  - exec CUpdateClient::CollectRequestData
2020-01-23 16:49:05 -  - LICENSE_KEY=X&lang=ru&SUPD_VER=18.0.3&VERSION=18.0.4&TYPENC=D&SUPD_STS=1&SUPD_URS=0&SUPD_DBS=MYSQL&XE=N&CLIENT_SITE=p1.titovv.newgrade.vpool&CHHB=p1.titovv.newgrade.vpool&CSAB=172.27.2.145&SUID=d406c56d80070e6a52355ebbc80ed52e&CANGZIP=Y&CLIENT_PHPVER=7.1.22-1%2Bubuntu16.04.1%2Bdeb.sury.org%2B1&stable=Y&NGINX=Y&rerere=Y&bitm_main=18.0.4&bitm_conversion=17.5.0&bitm_learning=17.5.0&bitm_abtest=17.5.0&bitm_blog=17.6.1&bitm_subscribe=17.5.0&bitm_b24connector=18.0.0&bitm_webservice=17.0.0&bitm_mail=17.5.7&bitm_storeassist=16.0.1&bitm_socialnetwork=17.7.1&bitm_iblock=17.6.8&bitm_landing=18.4.21&bitm_ldap=17.0.1&bitm_socialservices=18.0.0&bitm_photogallery=17.0.2&bitm_fileman=18.0.2&bitm_support=16.0.0&bitm_highloadblock=17.5.1&bitm_form=18.0.0&bitm_translate=16.0.0&bitm_messageservice=18.0.0&bitm_catalog=17.6.5&bitm_search=17.6.0&bitm_vote=17.5.1&bitm_pull=17.5.5&bitm_bitrixcloud=17.5.0&bitm_idea=17.5.0&bitm_bizprocdesigner=18.0.0&bitm_perfmon=17.0.1&bitm_advertising=18.0.0&bitm_currency=18.0.0&bitm_ui=17.6.4&bitm_bizproc=18.0.1&bitm_statistic=17.0.1&bitm_im=18.0.4&bitm_forum=17.5.5&bitm_workflow=17.0.1&bitm_wiki=17.5.1&bitm_sale=17.8.22&bitm_rest=18.0.4&bitm_lists=17.0.18&bitm_clouds=18.0.0&bitm_scale=17.5.0&bitm_sender=18.0.5&bitm_eshopapp=16.5.0&bitm_mobileapp=18.0.0&bitm_seo=18.1.0&bitm_compression=16.0.0&bitm_report=18.0.5&bitm_calendar=17.5.14&bitm_security=17.0.2&bitl_ru=&bitl_en=&SUPD_SRS=RU&SUPD_CMP=N&SALE_15=Y&LICENSE_SIGNED=%7Enew_license18_0_3_sign-N
2020-01-23 16:49:05 -  - exec CUpdateClient::GetHTTPPage
2020-01-23 16:49:05 -  - TIME GetUpdatesList(request) 0.27 sec
2020-01-23 16:49:05 -  - exec CUpdateClient::ParseServerData
2020-01-29 16:39:14 -  - exec CUpdateClient::GetUpdatesList
2020-01-29 16:39:14 -  - exec CUpdateClient::CollectRequestData
2020-01-29 16:39:14 -  - LICENSE_KEY=X&lang=ru&SUPD_VER=18.0.3&VERSION=18.0.4&TYPENC=D&SUPD_STS=1&SUPD_URS=0&SUPD_DBS=MYSQL&XE=N&CLIENT_SITE=titovv.newgrade.vpool&CHHB=titovv.newgrade.vpool&CSAB=172.27.2.145&SUID=d406c56d80070e6a52355ebbc80ed52e&CANGZIP=Y&CLIENT_PHPVER=7.1.22-1%2Bubuntu16.04.1%2Bdeb.sury.org%2B1&stable=Y&NGINX=Y&rerere=Y&bitm_main=18.0.4&bitm_conversion=17.5.0&bitm_learning=17.5.0&bitm_abtest=17.5.0&bitm_blog=17.6.1&bitm_subscribe=17.5.0&bitm_b24connector=18.0.0&bitm_webservice=17.0.0&bitm_mail=17.5.7&bitm_storeassist=16.0.1&bitm_socialnetwork=17.7.1&bitm_iblock=17.6.8&bitm_landing=18.4.21&bitm_ldap=17.0.1&bitm_socialservices=18.0.0&bitm_photogallery=17.0.2&bitm_fileman=18.0.2&bitm_support=16.0.0&bitm_highloadblock=17.5.1&bitm_form=18.0.0&bitm_translate=16.0.0&bitm_messageservice=18.0.0&bitm_catalog=17.6.5&bitm_search=17.6.0&bitm_vote=17.5.1&bitm_pull=17.5.5&bitm_bitrixcloud=17.5.0&bitm_idea=17.5.0&bitm_bizprocdesigner=18.0.0&bitm_perfmon=17.0.1&bitm_advertising=18.0.0&bitm_currency=18.0.0&bitm_ui=17.6.4&bitm_bizproc=18.0.1&bitm_statistic=17.0.1&bitm_im=18.0.4&bitm_forum=17.5.5&bitm_workflow=17.0.1&bitm_wiki=17.5.1&bitm_sale=17.8.22&bitm_rest=18.0.4&bitm_lists=17.0.18&bitm_clouds=18.0.0&bitm_scale=17.5.0&bitm_sender=18.0.5&bitm_eshopapp=16.5.0&bitm_mobileapp=18.0.0&bitm_seo=18.1.0&bitm_compression=16.0.0&bitm_report=18.0.5&bitm_calendar=17.5.14&bitm_security=17.0.2&bitl_ru=&bitl_en=&SUPD_SRS=RU&SUPD_CMP=N&SALE_15=Y&LICENSE_SIGNED=%7Enew_license18_0_3_sign-N
2020-01-29 16:39:14 -  - exec CUpdateClient::GetHTTPPage
2020-01-29 16:39:14 -  - TIME GetUpdatesList(request) 0.29 sec
2020-01-29 16:39:14 -  - exec CUpdateClient::ParseServerData
2020-01-29 16:39:16 -  - exec CUpdateClient::UpdateUpdate
2020-01-29 16:39:16 -  - exec CUpdateClient::CollectRequestData
2020-01-29 16:39:16 -  - LICENSE_KEY=X&lang=ru&SUPD_VER=18.0.3&VERSION=18.0.4&TYPENC=D&SUPD_STS=1&SUPD_URS=0&SUPD_DBS=MYSQL&XE=N&CLIENT_SITE=titovv.newgrade.vpool&CHHB=titovv.newgrade.vpool&CSAB=172.27.2.145&SUID=d406c56d80070e6a52355ebbc80ed52e&CANGZIP=Y&CLIENT_PHPVER=7.1.22-1%2Bubuntu16.04.1%2Bdeb.sury.org%2B1&stable=Y&NGINX=Y&rerere=Y&bitm_main=18.0.4&bitm_conversion=17.5.0&bitm_learning=17.5.0&bitm_abtest=17.5.0&bitm_blog=17.6.1&bitm_subscribe=17.5.0&bitm_b24connector=18.0.0&bitm_webservice=17.0.0&bitm_mail=17.5.7&bitm_storeassist=16.0.1&bitm_socialnetwork=17.7.1&bitm_iblock=17.6.8&bitm_landing=18.4.21&bitm_ldap=17.0.1&bitm_socialservices=18.0.0&bitm_photogallery=17.0.2&bitm_fileman=18.0.2&bitm_support=16.0.0&bitm_highloadblock=17.5.1&bitm_form=18.0.0&bitm_translate=16.0.0&bitm_messageservice=18.0.0&bitm_catalog=17.6.5&bitm_search=17.6.0&bitm_vote=17.5.1&bitm_pull=17.5.5&bitm_bitrixcloud=17.5.0&bitm_idea=17.5.0&bitm_bizprocdesigner=18.0.0&bitm_perfmon=17.0.1&bitm_advertising=18.0.0&bitm_currency=18.0.0&bitm_ui=17.6.4&bitm_bizproc=18.0.1&bitm_statistic=17.0.1&bitm_im=18.0.4&bitm_forum=17.5.5&bitm_workflow=17.0.1&bitm_wiki=17.5.1&bitm_sale=17.8.22&bitm_rest=18.0.4&bitm_lists=17.0.18&bitm_clouds=18.0.0&bitm_scale=17.5.0&bitm_sender=18.0.5&bitm_eshopapp=16.5.0&bitm_mobileapp=18.0.0&bitm_seo=18.1.0&bitm_compression=16.0.0&bitm_report=18.0.5&bitm_calendar=17.5.14&bitm_security=17.0.2&bitl_ru=&bitl_en=&SUPD_SRS=RU&SUPD_CMP=N&SALE_15=Y&LICENSE_SIGNED=%7Enew_license18_0_3_sign-N&query_type=updateupdate
2020-01-29 16:39:16 -  - exec CUpdateClient::GetHTTPPage
2020-01-29 16:39:17 -  - TIME UpdateUpdate(request) 0.725 sec
2020-01-29 16:39:17 -  - exec CUpdateClient::UnGzipArchive
2020-01-29 16:39:17 -  - TIME UnGzipArchive 0.022 sec
2020-01-29 16:39:17 -  - exec CUpdateClient::ParseServerData
2020-01-29 16:39:17 - CURV - Update updated successfully!
2020-01-29 16:39:17 - UPD_SUCCESS - Update system updated
2020-01-29 16:39:18 -  - exec CUpdateClient::GetUpdatesList
2020-01-29 16:39:18 -  - exec CUpdateClient::CollectRequestData
2020-01-29 16:39:18 -  - LICENSE_KEY=X&lang=ru&SUPD_VER=20.0.100&VERSION=18.0.4&TYPENC=D&SUPD_STS=1&SUPD_URS=0&SUPD_DBS=MYSQL&XE=N&CLIENT_SITE=titovv.newgrade.vpool&CHHB=titovv.newgrade.vpool&CSAB=172.27.2.145&SUID=d406c56d80070e6a52355ebbc80ed52e&CANGZIP=Y&CLIENT_PHPVER=7.1.22-1%2Bubuntu16.04.1%2Bdeb.sury.org%2B1&stable=Y&NGINX=Y&SMD=N&rerere=Y&bitm_main=18.0.4&bitm_conversion=17.5.0&bitm_learning=17.5.0&bitm_abtest=17.5.0&bitm_blog=17.6.1&bitm_subscribe=17.5.0&bitm_b24connector=18.0.0&bitm_webservice=17.0.0&bitm_mail=17.5.7&bitm_storeassist=16.0.1&bitm_socialnetwork=17.7.1&bitm_iblock=17.6.8&bitm_landing=18.4.21&bitm_ldap=17.0.1&bitm_socialservices=18.0.0&bitm_photogallery=17.0.2&bitm_fileman=18.0.2&bitm_support=16.0.0&bitm_highloadblock=17.5.1&bitm_form=18.0.0&bitm_translate=16.0.0&bitm_messageservice=18.0.0&bitm_catalog=17.6.5&bitm_search=17.6.0&bitm_vote=17.5.1&bitm_pull=17.5.5&bitm_bitrixcloud=17.5.0&bitm_idea=17.5.0&bitm_bizprocdesigner=18.0.0&bitm_perfmon=17.0.1&bitm_advertising=18.0.0&bitm_currency=18.0.0&bitm_ui=17.6.4&bitm_bizproc=18.0.1&bitm_statistic=17.0.1&bitm_im=18.0.4&bitm_forum=17.5.5&bitm_workflow=17.0.1&bitm_wiki=17.5.1&bitm_sale=17.8.22&bitm_rest=18.0.4&bitm_lists=17.0.18&bitm_clouds=18.0.0&bitm_scale=17.5.0&bitm_sender=18.0.5&bitm_eshopapp=16.5.0&bitm_mobileapp=18.0.0&bitm_seo=18.1.0&bitm_compression=16.0.0&bitm_report=18.0.5&bitm_calendar=17.5.14&bitm_security=17.0.2&bitl_ru=&bitl_en=&SUPD_SRS=RU&SUPD_CMP=N&SALE_15=Y&LICENSE_SIGNED=%7Enew_license18_0_sign-N
2020-01-29 16:39:18 -  - exec CUpdateClient::GetHTTPPage
2020-01-29 16:39:18 -  - TIME GetUpdatesList(request) 0.416 sec
2020-01-29 16:39:18 -  - exec CUpdateClient::ParseServerData
2020-01-29 16:39:18 -  - exec CUpdateClient::executeCounters
2020-01-29 16:39:18 -  - exec CUpdateClient::CollectRequestData
2020-01-29 16:39:18 -  - LICENSE_KEY=X&lang=ru&SUPD_VER=20.0.100&VERSION=18.0.4&TYPENC=D&SUPD_STS=1&SUPD_URS=0&SUPD_DBS=MYSQL&XE=N&CLIENT_SITE=titovv.newgrade.vpool&CHHB=titovv.newgrade.vpool&CSAB=172.27.2.145&SUID=d406c56d80070e6a52355ebbc80ed52e&CANGZIP=Y&CLIENT_PHPVER=7.1.22-1%2Bubuntu16.04.1%2Bdeb.sury.org%2B1&stable=Y&NGINX=Y&SMD=N&rerere=Y&bitm_main=18.0.4&bitm_conversion=17.5.0&bitm_learning=17.5.0&bitm_abtest=17.5.0&bitm_blog=17.6.1&bitm_subscribe=17.5.0&bitm_b24connector=18.0.0&bitm_webservice=17.0.0&bitm_mail=17.5.7&bitm_storeassist=16.0.1&bitm_socialnetwork=17.7.1&bitm_iblock=17.6.8&bitm_landing=18.4.21&bitm_ldap=17.0.1&bitm_socialservices=18.0.0&bitm_photogallery=17.0.2&bitm_fileman=18.0.2&bitm_support=16.0.0&bitm_highloadblock=17.5.1&bitm_form=18.0.0&bitm_translate=16.0.0&bitm_messageservice=18.0.0&bitm_catalog=17.6.5&bitm_search=17.6.0&bitm_vote=17.5.1&bitm_pull=17.5.5&bitm_bitrixcloud=17.5.0&bitm_idea=17.5.0&bitm_bizprocdesigner=18.0.0&bitm_perfmon=17.0.1&bitm_advertising=18.0.0&bitm_currency=18.0.0&bitm_ui=17.6.4&bitm_bizproc=18.0.1&bitm_statistic=17.0.1&bitm_im=18.0.4&bitm_forum=17.5.5&bitm_workflow=17.0.1&bitm_wiki=17.5.1&bitm_sale=17.8.22&bitm_rest=18.0.4&bitm_lists=17.0.18&bitm_clouds=18.0.0&bitm_scale=17.5.0&bitm_sender=18.0.5&bitm_eshopapp=16.5.0&bitm_mobileapp=18.0.0&bitm_seo=18.1.0&bitm_compression=16.0.0&bitm_report=18.0.5&bitm_calendar=17.5.14&bitm_security=17.0.2&bitl_ru=&bitl_en=&SUPD_SRS=RU&SUPD_CMP=N&SALE_15=Y&LICENSE_SIGNED=%7Enew_license18_0_sign-N&query_type=counter&cntr_result[240]=0
2020-01-29 16:39:18 -  - exec CUpdateClient::GetHTTPPage
2020-01-29 16:39:18 -  - TIME executeCounters 0.188 sec
2020-01-29 16:39:24 -  - exec CUpdateClient::RegisterVersion
2020-01-29 16:39:24 -  - exec CUpdateClient::CollectRequestData
2020-01-29 16:39:24 -  - LICENSE_KEY=X&lang=ru&SUPD_VER=20.0.100&VERSION=18.0.4&TYPENC=D&SUPD_STS=1&SUPD_URS=0&SUPD_DBS=MYSQL&XE=N&CLIENT_SITE=titovv.newgrade.vpool&CHHB=titovv.newgrade.vpool&CSAB=172.27.2.145&SUID=d406c56d80070e6a52355ebbc80ed52e&CANGZIP=Y&CLIENT_PHPVER=7.1.22-1%2Bubuntu16.04.1%2Bdeb.sury.org%2B1&stable=Y&NGINX=Y&SMD=N&rerere=Y&bitm_main=18.0.4&bitm_conversion=17.5.0&bitm_learning=17.5.0&bitm_abtest=17.5.0&bitm_blog=17.6.1&bitm_subscribe=17.5.0&bitm_b24connector=18.0.0&bitm_webservice=17.0.0&bitm_mail=17.5.7&bitm_storeassist=16.0.1&bitm_socialnetwork=17.7.1&bitm_iblock=17.6.8&bitm_landing=18.4.21&bitm_ldap=17.0.1&bitm_socialservices=18.0.0&bitm_photogallery=17.0.2&bitm_fileman=18.0.2&bitm_support=16.0.0&bitm_highloadblock=17.5.1&bitm_form=18.0.0&bitm_translate=16.0.0&bitm_messageservice=18.0.0&bitm_catalog=17.6.5&bitm_search=17.6.0&bitm_vote=17.5.1&bitm_pull=17.5.5&bitm_bitrixcloud=17.5.0&bitm_idea=17.5.0&bitm_bizprocdesigner=18.0.0&bitm_perfmon=17.0.1&bitm_advertising=18.0.0&bitm_currency=18.0.0&bitm_ui=17.6.4&bitm_bizproc=18.0.1&bitm_statistic=17.0.1&bitm_im=18.0.4&bitm_forum=17.5.5&bitm_workflow=17.0.1&bitm_wiki=17.5.1&bitm_sale=17.8.22&bitm_rest=18.0.4&bitm_lists=17.0.18&bitm_clouds=18.0.0&bitm_scale=17.5.0&bitm_sender=18.0.5&bitm_eshopapp=16.5.0&bitm_mobileapp=18.0.0&bitm_seo=18.1.0&bitm_compression=16.0.0&bitm_report=18.0.5&bitm_calendar=17.5.14&bitm_security=17.0.2&bitl_ru=&bitl_en=&SUPD_SRS=RU&SUPD_CMP=N&SALE_15=Y&LICENSE_SIGNED=%7Enew_license18_0_sign-Y&query_type=register
2020-01-29 16:39:24 -  - exec CUpdateClient::GetHTTPPage
2020-01-29 16:39:24 -  - TIME RegisterVersion(request) 0.164 sec
2020-01-29 16:39:24 -  - exec CUpdateClient::UnGzipArchive
2020-01-29 16:39:24 -  - TIME UnGzipArchive 0.001 sec
2020-01-29 16:39:24 -  - exec CUpdateClient::ParseServerData
2020-01-29 16:39:24 - CURV - Product registered successfully!
2020-01-29 16:39:24 - UPD_SUCCESS - Registered
2020-01-29 16:39:27 -  - exec CUpdateClient::GetUpdatesList
2020-01-29 16:39:27 -  - exec CUpdateClient::CollectRequestData
2020-01-29 16:39:27 -  - LICENSE_KEY=X&lang=ru&SUPD_VER=20.0.100&VERSION=18.0.4&TYPENC=E&SUPD_STS=1&SUPD_URS=0&SUPD_DBS=MYSQL&XE=N&CLIENT_SITE=titovv.newgrade.vpool&CHHB=titovv.newgrade.vpool&CSAB=172.27.2.145&SUID=d406c56d80070e6a52355ebbc80ed52e&CANGZIP=Y&CLIENT_PHPVER=7.1.22-1%2Bubuntu16.04.1%2Bdeb.sury.org%2B1&stable=Y&NGINX=Y&SMD=N&rerere=Y&bitm_main=18.0.4&bitm_conversion=17.5.0&bitm_learning=17.5.0&bitm_abtest=17.5.0&bitm_blog=17.6.1&bitm_subscribe=17.5.0&bitm_b24connector=18.0.0&bitm_webservice=17.0.0&bitm_mail=17.5.7&bitm_storeassist=16.0.1&bitm_socialnetwork=17.7.1&bitm_iblock=17.6.8&bitm_landing=18.4.21&bitm_ldap=17.0.1&bitm_socialservices=18.0.0&bitm_photogallery=17.0.2&bitm_fileman=18.0.2&bitm_support=16.0.0&bitm_highloadblock=17.5.1&bitm_form=18.0.0&bitm_translate=16.0.0&bitm_messageservice=18.0.0&bitm_catalog=17.6.5&bitm_search=17.6.0&bitm_vote=17.5.1&bitm_pull=17.5.5&bitm_bitrixcloud=17.5.0&bitm_idea=17.5.0&bitm_bizprocdesigner=18.0.0&bitm_perfmon=17.0.1&bitm_advertising=18.0.0&bitm_currency=18.0.0&bitm_ui=17.6.4&bitm_bizproc=18.0.1&bitm_statistic=17.0.1&bitm_im=18.0.4&bitm_forum=17.5.5&bitm_workflow=17.0.1&bitm_wiki=17.5.1&bitm_sale=17.8.22&bitm_rest=18.0.4&bitm_lists=17.0.18&bitm_clouds=18.0.0&bitm_scale=17.5.0&bitm_sender=18.0.5&bitm_eshopapp=16.5.0&bitm_mobileapp=18.0.0&bitm_seo=18.1.0&bitm_compression=16.0.0&bitm_report=18.0.5&bitm_calendar=17.5.14&bitm_security=17.0.2&bitl_ru=&bitl_en=&SUPD_SRS=RU&SUPD_CMP=N&SALE_15=Y&LICENSE_SIGNED=%7Enew_license18_0_sign-Y
2020-01-29 16:39:27 -  - exec CUpdateClient::GetHTTPPage
2020-01-29 16:39:28 -  - TIME GetUpdatesList(request) 0.433 sec
2020-01-29 16:39:28 -  - exec CUpdateClient::ParseServerData
